<?xml version="1.0" encoding="UTF-8"?>
<!-- Generated by org.testng.reporters.JUnitReportReporter -->
<testsuite skipped="1" hostname="DESKTOP-PPK0HC0" name="com.thamesWater.fiori.Test002P" tests="2" failures="0" timestamp="18 Jun 2018 11:39:49 GMT" time="0.000" errors="1">
  <testcase name="beforeMethod" time="0.000" classname="com.thamesWater.fiori.Test002P">
    <error type="org.testng.TestNGException" message="
Unsupported type parameter : class java.lang.reflect.Method">
      <![CDATA[org.testng.TestNGException: 
Unsupported type parameter : class java.lang.reflect.Method
	at org.testng.internal.Parameters.convertType(Parameters.java:318)
	at org.testng.internal.Parameters.createParameters(Parameters.java:203)
	at org.testng.internal.Parameters.createParameters(Parameters.java:443)
	at org.testng.internal.Parameters.createConfigurationParameters(Parameters.java:118)
	at org.testng.internal.Invoker.invokeConfigurations(Invoker.java:206)
	at org.testng.internal.Invoker.invokeConfigurations(Invoker.java:146)
	at org.testng.internal.TestMethodWorker.invokeBeforeClassMethods(TestMethodWorker.java:166)
	at org.testng.internal.TestMethodWorker.run(TestMethodWorker.java:105)
	at java.util.concurrent.ThreadPoolExecutor.runWorker(ThreadPoolExecutor.java:1142)
	at java.util.concurrent.ThreadPoolExecutor$Worker.run(ThreadPoolExecutor.java:617)
	at java.lang.Thread.run(Thread.java:748)
]]>
    </error>
  </testcase> <!-- beforeMethod -->
  <testcase name="test003" time="0.000" classname="com.thamesWater.fiori.Test002P">
    <skipped/>
  </testcase> <!-- test003 -->
</testsuite> <!-- com.thamesWater.fiori.Test002P -->
